This file contains any messages produced by compilers while
running configure, to aid debugging if configure makes a mistake.

configure:578: checking for a BSD compatible install
configure:631: checking whether build environment is sane
configure:688: checking whether make sets ${MAKE}
configure:734: checking for working aclocal
configure:747: checking for working autoconf
configure:760: checking for working automake
configure:773: checking for working autoheader
configure:786: checking for working makeinfo
configure:874: checking for gnome-config
configure:911: checking if /usr/bin/gnome-config works
configure:919: checking for orbit-config
configure:955: checking for orbit-idl
configure:989: checking for working ORBit environment
configure:1025: checking for gnorba libraries
configure:1129: checking for gcc
configure:1242: checking whether the C compiler (gcc  ) works
configure:1258: gcc -o conftest    conftest.c  1>&5
configure:1284: checking whether the C compiler (gcc  ) is a cross-compiler
configure:1289: checking whether we are using GNU C
configure:1317: checking whether gcc accepts -g
configure:1349: checking for POSIXized ISC
configure:1372: checking for gcc
configure:1485: checking whether the C compiler (gcc -g -O2 ) works
configure:1501: gcc -o conftest -g -O2   conftest.c  1>&5
configure:1527: checking whether the C compiler (gcc -g -O2 ) is a cross-compiler
configure:1532: checking whether we are using GNU C
configure:1560: checking whether gcc accepts -g
configure:1596: checking for c++
configure:1628: checking whether the C++ compiler (c++  ) works
configure:1644: c++ -o conftest    conftest.C  1>&5
configure:1670: checking whether the C++ compiler (c++  ) is a cross-compiler
configure:1675: checking whether we are using GNU C++
configure:1703: checking whether c++ accepts -g
configure:1738: checking for gcc option to accept ANSI C
configure:1815: checking how to run the C preprocessor
configure:1895: checking for ANSI C header files
configure:2010: checking what warning flags to pass to the C compiler
configure:2042: checking what language compliance flags to pass to the C compiler
configure:2067: checking for pthread_create in -lpthread
configure:2291: checking for gtk-config
configure:2326: checking for GTK - version >= 1.2.0
configure:2427: gcc -o conftest -g -O2 -Wall -Wunused  -I/usr/X11R6/include -I/usr/lib/glib/include   conftest.c -L/usr/lib -L/usr/X11R6/lib -lgtk -lgdk -rdynamic -lgmodule -lglib -ldl -lXext -lX11 -lm  1>&5
configure:2530: checking for SmcSaveYourselfDone in -lSM
configure:2578: checking for X11/SM/SMlib.h
configure:2626: checking for XpmFreeXpmImage in -lXpm
configure:2677: checking for ranlib
configure:2705: checking for working const
configure:2780: checking for inline
configure:2820: checking for off_t
configure:2853: checking for size_t
configure:2888: checking for working alloca.h
configure:2921: checking for alloca
configure:3123: checking for unistd.h
configure:3162: checking for getpagesize
configure:3215: checking for working mmap
configure:3391: checking for argz.h
configure:3391: checking for limits.h
configure:3391: checking for locale.h
configure:3391: checking for nl_types.h
configure:3391: checking for malloc.h
configure:3391: checking for string.h
configure:3391: checking for unistd.h
configure:3391: checking for sys/param.h
configure:3431: checking for getcwd
configure:3431: checking for munmap
configure:3431: checking for putenv
configure:3431: checking for setenv
configure:3431: checking for setlocale
configure:3431: checking for strchr
configure:3431: checking for strcasecmp
configure:3431: checking for strdup
configure:3431: checking for __argz_count
configure:3431: checking for __argz_stringify
configure:3431: checking for __argz_next
configure:3550: checking for LC_MESSAGES
configure:3583: checking whether NLS is requested
configure:3603: checking whether included gettext is requested
configure:3622: checking for libintl.h
configure:3649: checking for gettext in libc
configure:3775: checking for msgfmt
configure:3809: checking for dcgettext
configure:3864: checking for gmsgfmt
configure:3900: checking for xgettext
configure:3940: gcc -o conftest -g -O2 -Wall -Wunused   -I/usr/X11R6/include -I/usr/lib/glib/include  conftest.c  1>&5
configure:4398: checking for catalogs to be installed
